<?xml version="1.0" encoding="UTF-8"?>
<!-- Generated by org.testng.reporters.JUnitReportReporter -->
<testsuite hostname="qytera124" failures="0" tests="1" name="Test.PG1" time="2.425" errors="0" timestamp="2022-05-24T15:01:54 MESZ" skipped="0">
  <testcase classname="Test.PG1" name="test1" time="2.425"/>
  <system-out/>
</testsuite> <!-- Test.PG1 -->
